<?xml version="1.0" encoding="UTF-8"?>
<!-- Generated by org.testng.reporters.JUnitReportReporter -->
<testsuite hostname="DESKTOP-JQMO8QN" name="Testngconcepts.TestScript" tests="1" failures="0" timestamp="17 Sep 2022 15:54:30 GMT" time="15.758" errors="0">
  <testcase name="validLogin" time="15.758" classname="Testngconcepts.TestScript"/>
</testsuite> <!-- Testngconcepts.TestScript -->
