<?xml version="1.0" encoding="UTF-8"?>
<!-- Generated by org.testng.reporters.JUnitReportReporter -->
<testsuite hostname="DESKTOP-JQMO8QN" name="PomTestprograms.Facebook_Using_Pom" tests="1" failures="0" timestamp="19 Sep 2022 04:54:33 GMT" time="9.318" errors="0">
  <testcase name="validLogin" time="9.318" classname="PomTestprograms.Facebook_Using_Pom"/>
</testsuite> <!-- PomTestprograms.Facebook_Using_Pom -->
