<?xml version="1.0" encoding="UTF-8"?>
<!-- Generated by org.testng.reporters.JUnitReportReporter -->
<testsuite hostname="DESKTOP-JQMO8QN" name="Testngconcepts.Demo4" tests="1" failures="0" timestamp="12 Sep 2022 07:27:22 GMT" time="0.002" errors="0">
  <testcase name="test5" time="0.002" classname="Testngconcepts.Demo4"/>
</testsuite> <!-- Testngconcepts.Demo4 -->
