<?xml version="1.0" encoding="UTF-8"?>
<!-- Generated by org.testng.reporters.JUnitReportReporter -->
<testsuite hostname="DESKTOP-JQMO8QN" name="Testngconcepts.Demo3" tests="1" failures="0" timestamp="12 Sep 2022 07:27:22 GMT" time="0.003" errors="0">
  <testcase name="test4" time="0.003" classname="Testngconcepts.Demo3"/>
</testsuite> <!-- Testngconcepts.Demo3 -->
