<?xml version="1.0" encoding="UTF-8"?>
<!-- Generated by org.testng.reporters.JUnitReportReporter -->
<testsuite hostname="DESKTOP-JQMO8QN" name="Testngconcepts.Demo2" tests="1" failures="0" timestamp="12 Sep 2022 07:27:22 GMT" time="0.004" errors="0">
  <testcase name="test3" time="0.004" classname="Testngconcepts.Demo2"/>
</testsuite> <!-- Testngconcepts.Demo2 -->
