<?xml version="1.0" encoding="UTF-8"?>
<!-- Generated by org.testng.reporters.JUnitReportReporter -->
<testsuite hostname="DESKTOP-JQMO8QN" name="Databaseconcepts.DatabaseConnectivity1" tests="1" failures="0" timestamp="19 Sep 2022 04:33:25 GMT" time="1.315" errors="0">
  <testcase name="script" time="1.315" classname="Databaseconcepts.DatabaseConnectivity1"/>
</testsuite> <!-- Databaseconcepts.DatabaseConnectivity1 -->
